Performing C++ SOURCE FILE Test CMAKE_HAVE_LIBC_PTHREAD failed with the following output:
Change Dir: /home/gamila/Documents/GP/Task4-RandomWalkCUDA/branch_gamila/Monte-Carlo-Simulation-of-Light-Propagation/build-MC_Simulation_CUDA-Desktop-Debug/CMakeFiles/CMakeTmp

Run Build Command(s):/usr/bin/make cmTC_9d99e/fast && /usr/bin/make  -f CMakeFiles/cmTC_9d99e.dir/build.make CMakeFiles/cmTC_9d99e.dir/build
make[1]: Entering directory '/home/gamila/Documents/GP/Task4-RandomWalkCUDA/branch_gamila/Monte-Carlo-Simulation-of-Light-Propagation/build-MC_Simulation_CUDA-Desktop-Debug/CMakeFiles/CMakeTmp'
Building CXX object CMakeFiles/cmTC_9d99e.dir/src.cxx.o
/usr/bin/g++-6    -Wall -fPIC -std=c++11 -DCMAKE_HAVE_LIBC_PTHREAD   -o CMakeFiles/cmTC_9d99e.dir/src.cxx.o -c /home/gamila/Documents/GP/Task4-RandomWalkCUDA/branch_gamila/Monte-Carlo-Simulation-of-Light-Propagation/build-MC_Simulation_CUDA-Desktop-Debug/CMakeFiles/CMakeTmp/src.cxx
Linking CXX executable cmTC_9d99e
/usr/local/bin/cmake -E cmake_link_script CMakeFiles/cmTC_9d99e.dir/link.txt --verbose=1
/usr/bin/g++-6  -Wall -fPIC -std=c++11 -DCMAKE_HAVE_LIBC_PTHREAD    CMakeFiles/cmTC_9d99e.dir/src.cxx.o  -o cmTC_9d99e 
CMakeFiles/cmTC_9d99e.dir/src.cxx.o: In function `main':
src.cxx:(.text+0x3e): undefined reference to `pthread_create'
src.cxx:(.text+0x4a): undefined reference to `pthread_detach'
src.cxx:(.text+0x56): undefined reference to `pthread_cancel'
src.cxx:(.text+0x67): undefined reference to `pthread_join'
src.cxx:(.text+0x7b): undefined reference to `pthread_atfork'
collect2: error: ld returned 1 exit status
CMakeFiles/cmTC_9d99e.dir/build.make:106: recipe for target 'cmTC_9d99e' failed
make[1]: *** [cmTC_9d99e] Error 1
make[1]: Leaving directory '/home/gamila/Documents/GP/Task4-RandomWalkCUDA/branch_gamila/Monte-Carlo-Simulation-of-Light-Propagation/build-MC_Simulation_CUDA-Desktop-Debug/CMakeFiles/CMakeTmp'
Makefile:141: recipe for target 'cmTC_9d99e/fast' failed
make: *** [cmTC_9d99e/fast] Error 2


Source file was:
#include <pthread.h>

void* test_func(void* data)
{
  return data;
}

int main(void)
{
  pthread_t thread;
  pthread_create(&thread, NULL, test_func, NULL);
  pthread_detach(thread);
  pthread_cancel(thread);
  pthread_join(thread, NULL);
  pthread_atfork(NULL, NULL, NULL);
  pthread_exit(NULL);

  return 0;
}

Determining if the function pthread_create exists in the pthreads failed with the following output:
Change Dir: /home/gamila/Documents/GP/Task4-RandomWalkCUDA/branch_gamila/Monte-Carlo-Simulation-of-Light-Propagation/build-MC_Simulation_CUDA-Desktop-Debug/CMakeFiles/CMakeTmp

Run Build Command(s):/usr/bin/make cmTC_ec358/fast && /usr/bin/make  -f CMakeFiles/cmTC_ec358.dir/build.make CMakeFiles/cmTC_ec358.dir/build
make[1]: Entering directory '/home/gamila/Documents/GP/Task4-RandomWalkCUDA/branch_gamila/Monte-Carlo-Simulation-of-Light-Propagation/build-MC_Simulation_CUDA-Desktop-Debug/CMakeFiles/CMakeTmp'
Building CXX object CMakeFiles/cmTC_ec358.dir/CheckFunctionExists.cxx.o
/usr/bin/g++-6    -Wall -fPIC -std=c++11 -DCHECK_FUNCTION_EXISTS=pthread_create   -o CMakeFiles/cmTC_ec358.dir/CheckFunctionExists.cxx.o -c /home/gamila/Documents/GP/Task4-RandomWalkCUDA/branch_gamila/Monte-Carlo-Simulation-of-Light-Propagation/build-MC_Simulation_CUDA-Desktop-Debug/CMakeFiles/CheckLibraryExists/CheckFunctionExists.cxx
Linking CXX executable cmTC_ec358
/usr/local/bin/cmake -E cmake_link_script CMakeFiles/cmTC_ec358.dir/link.txt --verbose=1
/usr/bin/g++-6  -Wall -fPIC -std=c++11 -DCHECK_FUNCTION_EXISTS=pthread_create    CMakeFiles/cmTC_ec358.dir/CheckFunctionExists.cxx.o  -o cmTC_ec358  -lpthreads 
/usr/bin/x86_64-linux-gnu-ld: cannot find -lpthreads
collect2: error: ld returned 1 exit status
CMakeFiles/cmTC_ec358.dir/build.make:106: recipe for target 'cmTC_ec358' failed
make[1]: *** [cmTC_ec358] Error 1
make[1]: Leaving directory '/home/gamila/Documents/GP/Task4-RandomWalkCUDA/branch_gamila/Monte-Carlo-Simulation-of-Light-Propagation/build-MC_Simulation_CUDA-Desktop-Debug/CMakeFiles/CMakeTmp'
Makefile:141: recipe for target 'cmTC_ec358/fast' failed
make: *** [cmTC_ec358/fast] Error 2



