Determining if the pthread_create exist failed with the following output:
Change Dir: /home/mustafa/Monte-Carlo-Simulation-of-Light-Propagation/cuda/build/CMakeFiles/CMakeTmp

Run Build Command:"/usr/bin/make" "cmTC_09cb2/fast"
/usr/bin/make -f CMakeFiles/cmTC_09cb2.dir/build.make CMakeFiles/cmTC_09cb2.dir/build
make[1]: Entering directory '/home/mustafa/Monte-Carlo-Simulation-of-Light-Propagation/cuda/build/CMakeFiles/CMakeTmp'
Building C object CMakeFiles/cmTC_09cb2.dir/CheckSymbolExists.c.o
/usr/bin/cc   -fPIC    -o CMakeFiles/cmTC_09cb2.dir/CheckSymbolExists.c.o   -c /home/mustafa/Monte-Carlo-Simulation-of-Light-Propagation/cuda/build/CMakeFiles/CMakeTmp/CheckSymbolExists.c
Linking C executable cmTC_09cb2
/usr/bin/cmake -E cmake_link_script CMakeFiles/cmTC_09cb2.dir/link.txt --verbose=1
/usr/bin/cc -fPIC     -rdynamic CMakeFiles/cmTC_09cb2.dir/CheckSymbolExists.c.o  -o cmTC_09cb2 
CMakeFiles/cmTC_09cb2.dir/CheckSymbolExists.c.o: In function `main':
CheckSymbolExists.c:(.text+0x1b): undefined reference to `pthread_create'
collect2: error: ld returned 1 exit status
CMakeFiles/cmTC_09cb2.dir/build.make:97: recipe for target 'cmTC_09cb2' failed
make[1]: *** [cmTC_09cb2] Error 1
make[1]: Leaving directory '/home/mustafa/Monte-Carlo-Simulation-of-Light-Propagation/cuda/build/CMakeFiles/CMakeTmp'
Makefile:126: recipe for target 'cmTC_09cb2/fast' failed
make: *** [cmTC_09cb2/fast] Error 2

File /home/mustafa/Monte-Carlo-Simulation-of-Light-Propagation/cuda/build/CMakeFiles/CMakeTmp/CheckSymbolExists.c:
/* */
#include <pthread.h>

int main(int argc, char** argv)
{
  (void)argv;
#ifndef pthread_create
  return ((int*)(&pthread_create))[argc];
#else
  (void)argc;
  return 0;
#endif
}

Determining if the function pthread_create exists in the pthreads failed with the following output:
Change Dir: /home/mustafa/Monte-Carlo-Simulation-of-Light-Propagation/cuda/build/CMakeFiles/CMakeTmp

Run Build Command:"/usr/bin/make" "cmTC_de10e/fast"
/usr/bin/make -f CMakeFiles/cmTC_de10e.dir/build.make CMakeFiles/cmTC_de10e.dir/build
make[1]: Entering directory '/home/mustafa/Monte-Carlo-Simulation-of-Light-Propagation/cuda/build/CMakeFiles/CMakeTmp'
Building C object CMakeFiles/cmTC_de10e.dir/CheckFunctionExists.c.o
/usr/bin/cc   -fPIC -DCHECK_FUNCTION_EXISTS=pthread_create   -o CMakeFiles/cmTC_de10e.dir/CheckFunctionExists.c.o   -c /usr/share/cmake-3.10/Modules/CheckFunctionExists.c
Linking C executable cmTC_de10e
/usr/bin/cmake -E cmake_link_script CMakeFiles/cmTC_de10e.dir/link.txt --verbose=1
/usr/bin/cc -fPIC -DCHECK_FUNCTION_EXISTS=pthread_create    -rdynamic CMakeFiles/cmTC_de10e.dir/CheckFunctionExists.c.o  -o cmTC_de10e -lpthreads 
/usr/bin/ld: cannot find -lpthreads
collect2: error: ld returned 1 exit status
CMakeFiles/cmTC_de10e.dir/build.make:97: recipe for target 'cmTC_de10e' failed
make[1]: *** [cmTC_de10e] Error 1
make[1]: Leaving directory '/home/mustafa/Monte-Carlo-Simulation-of-Light-Propagation/cuda/build/CMakeFiles/CMakeTmp'
Makefile:126: recipe for target 'cmTC_de10e/fast' failed
make: *** [cmTC_de10e/fast] Error 2


