Performing C SOURCE FILE Test CMAKE_HAVE_LIBC_PTHREAD failed with the following output:
Change Dir: /home/eman/Monte-Carlo-Simulation-of-Light-Propagation/build-MC_Simulation_CUDA-Unnamed_6e5b11-Default/CMakeFiles/CMakeTmp

Run Build Command(s):/usr/bin/make cmTC_f58b7/fast && /usr/bin/make  -f CMakeFiles/cmTC_f58b7.dir/build.make CMakeFiles/cmTC_f58b7.dir/build
make[1]: Entering directory '/home/eman/Monte-Carlo-Simulation-of-Light-Propagation/build-MC_Simulation_CUDA-Unnamed_6e5b11-Default/CMakeFiles/CMakeTmp'
Building C object CMakeFiles/cmTC_f58b7.dir/src.c.o
/usr/bin/gcc   -fPIC -DCMAKE_HAVE_LIBC_PTHREAD   -o CMakeFiles/cmTC_f58b7.dir/src.c.o   -c /home/eman/Monte-Carlo-Simulation-of-Light-Propagation/build-MC_Simulation_CUDA-Unnamed_6e5b11-Default/CMakeFiles/CMakeTmp/src.c
Linking C executable cmTC_f58b7
/snap/cmake/372/bin/cmake -E cmake_link_script CMakeFiles/cmTC_f58b7.dir/link.txt --verbose=1
/usr/bin/gcc -fPIC -DCMAKE_HAVE_LIBC_PTHREAD    CMakeFiles/cmTC_f58b7.dir/src.c.o  -o cmTC_f58b7 
CMakeFiles/cmTC_f58b7.dir/src.c.o: In function `main':
src.c:(.text+0x3e): undefined reference to `pthread_create'
src.c:(.text+0x4a): undefined reference to `pthread_detach'
src.c:(.text+0x56): undefined reference to `pthread_cancel'
src.c:(.text+0x67): undefined reference to `pthread_join'
src.c:(.text+0x7b): undefined reference to `pthread_atfork'
collect2: error: ld returned 1 exit status
CMakeFiles/cmTC_f58b7.dir/build.make:106: recipe for target 'cmTC_f58b7' failed
make[1]: *** [cmTC_f58b7] Error 1
make[1]: Leaving directory '/home/eman/Monte-Carlo-Simulation-of-Light-Propagation/build-MC_Simulation_CUDA-Unnamed_6e5b11-Default/CMakeFiles/CMakeTmp'
Makefile:141: recipe for target 'cmTC_f58b7/fast' failed
make: *** [cmTC_f58b7/fast] Error 2


Source file was:
#include <pthread.h>

void* test_func(void* data)
{
  return data;
}

int main(void)
{
  pthread_t thread;
  pthread_create(&thread, NULL, test_func, NULL);
  pthread_detach(thread);
  pthread_cancel(thread);
  pthread_join(thread, NULL);
  pthread_atfork(NULL, NULL, NULL);
  pthread_exit(NULL);

  return 0;
}

Determining if the function pthread_create exists in the pthreads failed with the following output:
Change Dir: /home/eman/Monte-Carlo-Simulation-of-Light-Propagation/build-MC_Simulation_CUDA-Unnamed_6e5b11-Default/CMakeFiles/CMakeTmp

Run Build Command(s):/usr/bin/make cmTC_90b59/fast && /usr/bin/make  -f CMakeFiles/cmTC_90b59.dir/build.make CMakeFiles/cmTC_90b59.dir/build
make[1]: Entering directory '/home/eman/Monte-Carlo-Simulation-of-Light-Propagation/build-MC_Simulation_CUDA-Unnamed_6e5b11-Default/CMakeFiles/CMakeTmp'
Building C object CMakeFiles/cmTC_90b59.dir/CheckFunctionExists.c.o
/usr/bin/gcc   -fPIC -DCHECK_FUNCTION_EXISTS=pthread_create   -o CMakeFiles/cmTC_90b59.dir/CheckFunctionExists.c.o   -c /snap/cmake/372/share/cmake-3.17/Modules/CheckFunctionExists.c
Linking C executable cmTC_90b59
/snap/cmake/372/bin/cmake -E cmake_link_script CMakeFiles/cmTC_90b59.dir/link.txt --verbose=1
/usr/bin/gcc -fPIC -DCHECK_FUNCTION_EXISTS=pthread_create    CMakeFiles/cmTC_90b59.dir/CheckFunctionExists.c.o  -o cmTC_90b59  -lpthreads 
/usr/bin/x86_64-linux-gnu-ld: cannot find -lpthreads
collect2: error: ld returned 1 exit status
CMakeFiles/cmTC_90b59.dir/build.make:106: recipe for target 'cmTC_90b59' failed
make[1]: *** [cmTC_90b59] Error 1
make[1]: Leaving directory '/home/eman/Monte-Carlo-Simulation-of-Light-Propagation/build-MC_Simulation_CUDA-Unnamed_6e5b11-Default/CMakeFiles/CMakeTmp'
Makefile:141: recipe for target 'cmTC_90b59/fast' failed
make: *** [cmTC_90b59/fast] Error 2



